<?xml version="1.0" encoding="UTF-8"?>
<!-- Generated by org.testng.reporters.JUnitReportReporter -->
<testsuite hostname="Omkar" failures="0" tests="1" name="Test.SearchTest" time="39.039" errors="0" timestamp="2025-03-24T14:35:10 IST" skipped="0">
  <testcase classname="Test.SearchTest" name="testProductSearchAndCart" time="39.039"/>
  <system-out/>
</testsuite> <!-- Test.SearchTest -->
